[2021-10-25 10:14:36] local.ERROR: Argument 3 passed to Lcobucci\JWT\Signer\Hmac::doVerify() must be an instance of Lcobucci\JWT\Signer\Key, null given, called in /var/www/html/onlinefood-bl/server/vendor/lcobucci/jwt/src/Signer/BaseSigner.php on line 44 {"exception":"[object] (Symfony\\Component\\Debug\\Exception\\FatalThrowableError(code: 0): Argument 3 passed to Lcobucci\\JWT\\Signer\\Hmac::doVerify() must be an instance of Lcobucci\\JWT\\Signer\\Key, null given, called in /var/www/html/onlinefood-bl/server/vendor/lcobucci/jwt/src/Signer/BaseSigner.php on line 44 at /var/www/html/onlinefood-bl/server/vendor/lcobucci/jwt/src/Signer/Hmac.php:29)
[stacktrace]
#0 /var/www/html/onlinefood-bl/server/vendor/lcobucci/jwt/src/Signer/BaseSigner.php(44): Lcobucci\\JWT\\Signer\\Hmac->doVerify()
#1 /var/www/html/onlinefood-bl/server/vendor/lcobucci/jwt/src/Signature.php(49): Lcobucci\\JWT\\Signer\\BaseSigner->verify()
#2 /var/www/html/onlinefood-bl/server/vendor/lcobucci/jwt/src/Token.php(202): Lcobucci\\JWT\\Signature->verify()
#3 /var/www/html/onlinefood-bl/server/vendor/tymon/jwt-auth/src/Providers/JWT/Lcobucci.php(136): Lcobucci\\JWT\\Token->verify()
#4 /var/www/html/onlinefood-bl/server/vendor/tymon/jwt-auth/src/Manager.php(101): Tymon\\JWTAuth\\Providers\\JWT\\Lcobucci->decode()
#5 /var/www/html/onlinefood-bl/server/vendor/tymon/jwt-auth/src/JWT.php(200): Tymon\\JWTAuth\\Manager->decode()
#6 /var/www/html/onlinefood-bl/server/vendor/tymon/jwt-auth/src/JWT.php(136): Tymon\\JWTAuth\\JWT->getPayload()
#7 /var/www/html/onlinefood-bl/server/vendor/tymon/jwt-auth/src/JWT.php(149): Tymon\\JWTAuth\\JWT->checkOrFail()
#8 /var/www/html/onlinefood-bl/server/vendor/tymon/jwt-auth/src/JWTGuard.php(79): Tymon\\JWTAuth\\JWT->check()
#9 /var/www/html/onlinefood-bl/server/vendor/laravel/framework/src/Illuminate/Auth/AuthManager.php(54): Tymon\\JWTAuth\\JWTGuard->user()
#10 [internal function]: Illuminate\\Auth\\AuthManager->Illuminate\\Auth\\{closure}()
#11 /var/www/html/onlinefood-bl/server/vendor/laravel/framework/src/Illuminate/Auth/AuthServiceProvider.php(84): call_user_func()
#12 [internal function]: Illuminate\\Auth\\AuthServiceProvider->Illuminate\\Auth\\{closure}()
#13 /var/www/html/onlinefood-bl/server/vendor/laravel/framework/src/Illuminate/Http/Request.php(517): call_user_func()
#14 /var/www/html/onlinefood-bl/server/vendor/laravel/framework/src/Illuminate/Routing/Middleware/ThrottleRequests.php(96): Illuminate\\Http\\Request->user()
#15 /var/www/html/onlinefood-bl/server/vendor/laravel/framework/src/Illuminate/Routing/Middleware/ThrottleRequests.php(48): Illuminate\\Routing\\Middleware\\ThrottleRequests->resolveRequestSignature()
#16 /var/www/html/onlinefood-bl/server/vendor/laravel/framework/src/Illuminate/Pipeline/Pipeline.php(163): Illuminate\\Routing\\Middleware\\ThrottleRequests->handle()
#17 /var/www/html/onlinefood-bl/server/vendor/laravel/framework/src/Illuminate/Routing/Pipeline.php(53): Illuminate\\Pipeline\\Pipeline->Illuminate\\Pipeline\\{closure}()
#18 /var/www/html/onlinefood-bl/server/vendor/laravel/framework/src/Illuminate/Pipeline/Pipeline.php(104): Illuminate\\Routing\\Pipeline->Illuminate\\Routing\\{closure}()
#19 /var/www/html/onlinefood-bl/server/vendor/laravel/framework/src/Illuminate/Routing/Router.php(682): Illuminate\\Pipeline\\Pipeline->then()
#20 /var/www/html/onlinefood-bl/server/vendor/laravel/framework/src/Illuminate/Routing/Router.php(657): Illuminate\\Routing\\Router->runRouteWithinStack()
#21 /var/www/html/onlinefood-bl/server/vendor/laravel/framework/src/Illuminate/Routing/Router.php(623): Illuminate\\Routing\\Router->runRoute()
#22 /var/www/html/onlinefood-bl/server/vendor/laravel/framework/src/Illuminate/Routing/Router.php(612): Illuminate\\Routing\\Router->dispatchToRoute()
#23 /var/www/html/onlinefood-bl/server/vendor/laravel/framework/src/Illuminate/Foundation/Http/Kernel.php(176): Illuminate\\Routing\\Router->dispatch()
#24 /var/www/html/onlinefood-bl/server/vendor/laravel/framework/src/Illuminate/Routing/Pipeline.php(30): Illuminate\\Foundation\\Http\\Kernel->Illuminate\\Foundation\\Http\\{closure}()
#25 /var/www/html/onlinefood-bl/server/vendor/laravel/framework/src/Illuminate/Foundation/Http/Middleware/TransformsRequest.php(21): Illuminate\\Routing\\Pipeline->Illuminate\\Routing\\{closure}()
#26 /var/www/html/onlinefood-bl/server/vendor/laravel/framework/src/Illuminate/Pipeline/Pipeline.php(163): Illuminate\\Foundation\\Http\\Middleware\\TransformsRequest->handle()
#27 /var/www/html/onlinefood-bl/server/vendor/laravel/framework/src/Illuminate/Routing/Pipeline.php(53): Illuminate\\Pipeline\\Pipeline->Illuminate\\Pipeline\\{closure}()
#28 /var/www/html/onlinefood-bl/server/vendor/laravel/framework/src/Illuminate/Foundation/Http/Middleware/TransformsRequest.php(21): Illuminate\\Routing\\Pipeline->Illuminate\\Routing\\{closure}()
#29 /var/www/html/onlinefood-bl/server/vendor/laravel/framework/src/Illuminate/Pipeline/Pipeline.php(163): Illuminate\\Foundation\\Http\\Middleware\\TransformsRequest->handle()
#30 /var/www/html/onlinefood-bl/server/vendor/laravel/framework/src/Illuminate/Routing/Pipeline.php(53): Illuminate\\Pipeline\\Pipeline->Illuminate\\Pipeline\\{closure}()
#31 /var/www/html/onlinefood-bl/server/vendor/laravel/framework/src/Illuminate/Foundation/Http/Middleware/ValidatePostSize.php(27): Illuminate\\Routing\\Pipeline->Illuminate\\Routing\\{closure}()
#32 /var/www/html/onlinefood-bl/server/vendor/laravel/framework/src/Illuminate/Pipeline/Pipeline.php(163): Illuminate\\Foundation\\Http\\Middleware\\ValidatePostSize->handle()
#33 /var/www/html/onlinefood-bl/server/vendor/laravel/framework/src/Illuminate/Routing/Pipeline.php(53): Illuminate\\Pipeline\\Pipeline->Illuminate\\Pipeline\\{closure}()
#34 /var/www/html/onlinefood-bl/server/vendor/laravel/framework/src/Illuminate/Foundation/Http/Middleware/CheckForMaintenanceMode.php(62): Illuminate\\Routing\\Pipeline->Illuminate\\Routing\\{closure}()
#35 /var/www/html/onlinefood-bl/server/vendor/laravel/framework/src/Illuminate/Pipeline/Pipeline.php(163): Illuminate\\Foundation\\Http\\Middleware\\CheckForMaintenanceMode->handle()
#36 /var/www/html/onlinefood-bl/server/vendor/laravel/framework/src/Illuminate/Routing/Pipeline.php(53): Illuminate\\Pipeline\\Pipeline->Illuminate\\Pipeline\\{closure}()
#37 /var/www/html/onlinefood-bl/server/vendor/fideloper/proxy/src/TrustProxies.php(57): Illuminate\\Routing\\Pipeline->Illuminate\\Routing\\{closure}()
#38 /var/www/html/onlinefood-bl/server/vendor/laravel/framework/src/Illuminate/Pipeline/Pipeline.php(163): Fideloper\\Proxy\\TrustProxies->handle()
#39 /var/www/html/onlinefood-bl/server/vendor/laravel/framework/src/Illuminate/Routing/Pipeline.php(53): Illuminate\\Pipeline\\Pipeline->Illuminate\\Pipeline\\{closure}()
#40 /var/www/html/onlinefood-bl/server/vendor/laravel/framework/src/Illuminate/Pipeline/Pipeline.php(104): Illuminate\\Routing\\Pipeline->Illuminate\\Routing\\{closure}()
#41 /var/www/html/onlinefood-bl/server/vendor/laravel/framework/src/Illuminate/Foundation/Http/Kernel.php(151): Illuminate\\Pipeline\\Pipeline->then()
#42 /var/www/html/onlinefood-bl/server/vendor/laravel/framework/src/Illuminate/Foundation/Http/Kernel.php(116): Illuminate\\Foundation\\Http\\Kernel->sendRequestThroughRouter()
#43 /var/www/html/onlinefood-bl/server/public/index.php(55): Illuminate\\Foundation\\Http\\Kernel->handle()
#44 /var/www/html/onlinefood-bl/server/server.php(21): require_once('/var/www/html/o...')
#45 {main}
"} 
[2021-10-25 10:14:49] local.ERROR: Argument 3 passed to Lcobucci\JWT\Signer\Hmac::doVerify() must be an instance of Lcobucci\JWT\Signer\Key, null given, called in /var/www/html/onlinefood-bl/server/vendor/lcobucci/jwt/src/Signer/BaseSigner.php on line 44 {"exception":"[object] (Symfony\\Component\\Debug\\Exception\\FatalThrowableError(code: 0): Argument 3 passed to Lcobucci\\JWT\\Signer\\Hmac::doVerify() must be an instance of Lcobucci\\JWT\\Signer\\Key, null given, called in /var/www/html/onlinefood-bl/server/vendor/lcobucci/jwt/src/Signer/BaseSigner.php on line 44 at /var/www/html/onlinefood-bl/server/vendor/lcobucci/jwt/src/Signer/Hmac.php:29)
[stacktrace]
#0 /var/www/html/onlinefood-bl/server/vendor/lcobucci/jwt/src/Signer/BaseSigner.php(44): Lcobucci\\JWT\\Signer\\Hmac->doVerify()
#1 /var/www/html/onlinefood-bl/server/vendor/lcobucci/jwt/src/Signature.php(49): Lcobucci\\JWT\\Signer\\BaseSigner->verify()
#2 /var/www/html/onlinefood-bl/server/vendor/lcobucci/jwt/src/Token.php(202): Lcobucci\\JWT\\Signature->verify()
#3 /var/www/html/onlinefood-bl/server/vendor/tymon/jwt-auth/src/Providers/JWT/Lcobucci.php(136): Lcobucci\\JWT\\Token->verify()
#4 /var/www/html/onlinefood-bl/server/vendor/tymon/jwt-auth/src/Manager.php(101): Tymon\\JWTAuth\\Providers\\JWT\\Lcobucci->decode()
#5 /var/www/html/onlinefood-bl/server/vendor/tymon/jwt-auth/src/JWT.php(200): Tymon\\JWTAuth\\Manager->decode()
#6 /var/www/html/onlinefood-bl/server/vendor/tymon/jwt-auth/src/JWT.php(136): Tymon\\JWTAuth\\JWT->getPayload()
#7 /var/www/html/onlinefood-bl/server/vendor/tymon/jwt-auth/src/JWT.php(149): Tymon\\JWTAuth\\JWT->checkOrFail()
#8 /var/www/html/onlinefood-bl/server/vendor/tymon/jwt-auth/src/JWTGuard.php(79): Tymon\\JWTAuth\\JWT->check()
#9 /var/www/html/onlinefood-bl/server/vendor/laravel/framework/src/Illuminate/Auth/AuthManager.php(54): Tymon\\JWTAuth\\JWTGuard->user()
#10 [internal function]: Illuminate\\Auth\\AuthManager->Illuminate\\Auth\\{closure}()
#11 /var/www/html/onlinefood-bl/server/vendor/laravel/framework/src/Illuminate/Auth/AuthServiceProvider.php(84): call_user_func()
#12 [internal function]: Illuminate\\Auth\\AuthServiceProvider->Illuminate\\Auth\\{closure}()
#13 /var/www/html/onlinefood-bl/server/vendor/laravel/framework/src/Illuminate/Http/Request.php(517): call_user_func()
#14 /var/www/html/onlinefood-bl/server/vendor/laravel/framework/src/Illuminate/Routing/Middleware/ThrottleRequests.php(96): Illuminate\\Http\\Request->user()
#15 /var/www/html/onlinefood-bl/server/vendor/laravel/framework/src/Illuminate/Routing/Middleware/ThrottleRequests.php(48): Illuminate\\Routing\\Middleware\\ThrottleRequests->resolveRequestSignature()
#16 /var/www/html/onlinefood-bl/server/vendor/laravel/framework/src/Illuminate/Pipeline/Pipeline.php(163): Illuminate\\Routing\\Middleware\\ThrottleRequests->handle()
#17 /var/www/html/onlinefood-bl/server/vendor/laravel/framework/src/Illuminate/Routing/Pipeline.php(53): Illuminate\\Pipeline\\Pipeline->Illuminate\\Pipeline\\{closure}()
#18 /var/www/html/onlinefood-bl/server/vendor/laravel/framework/src/Illuminate/Pipeline/Pipeline.php(104): Illuminate\\Routing\\Pipeline->Illuminate\\Routing\\{closure}()
#19 /var/www/html/onlinefood-bl/server/vendor/laravel/framework/src/Illuminate/Routing/Router.php(682): Illuminate\\Pipeline\\Pipeline->then()
#20 /var/www/html/onlinefood-bl/server/vendor/laravel/framework/src/Illuminate/Routing/Router.php(657): Illuminate\\Routing\\Router->runRouteWithinStack()
#21 /var/www/html/onlinefood-bl/server/vendor/laravel/framework/src/Illuminate/Routing/Router.php(623): Illuminate\\Routing\\Router->runRoute()
#22 /var/www/html/onlinefood-bl/server/vendor/laravel/framework/src/Illuminate/Routing/Router.php(612): Illuminate\\Routing\\Router->dispatchToRoute()
#23 /var/www/html/onlinefood-bl/server/vendor/laravel/framework/src/Illuminate/Foundation/Http/Kernel.php(176): Illuminate\\Routing\\Router->dispatch()
#24 /var/www/html/onlinefood-bl/server/vendor/laravel/framework/src/Illuminate/Routing/Pipeline.php(30): Illuminate\\Foundation\\Http\\Kernel->Illuminate\\Foundation\\Http\\{closure}()
#25 /var/www/html/onlinefood-bl/server/vendor/laravel/framework/src/Illuminate/Foundation/Http/Middleware/TransformsRequest.php(21): Illuminate\\Routing\\Pipeline->Illuminate\\Routing\\{closure}()
#26 /var/www/html/onlinefood-bl/server/vendor/laravel/framework/src/Illuminate/Pipeline/Pipeline.php(163): Illuminate\\Foundation\\Http\\Middleware\\TransformsRequest->handle()
#27 /var/www/html/onlinefood-bl/server/vendor/laravel/framework/src/Illuminate/Routing/Pipeline.php(53): Illuminate\\Pipeline\\Pipeline->Illuminate\\Pipeline\\{closure}()
#28 /var/www/html/onlinefood-bl/server/vendor/laravel/framework/src/Illuminate/Foundation/Http/Middleware/TransformsRequest.php(21): Illuminate\\Routing\\Pipeline->Illuminate\\Routing\\{closure}()
#29 /var/www/html/onlinefood-bl/server/vendor/laravel/framework/src/Illuminate/Pipeline/Pipeline.php(163): Illuminate\\Foundation\\Http\\Middleware\\TransformsRequest->handle()
#30 /var/www/html/onlinefood-bl/server/vendor/laravel/framework/src/Illuminate/Routing/Pipeline.php(53): Illuminate\\Pipeline\\Pipeline->Illuminate\\Pipeline\\{closure}()
#31 /var/www/html/onlinefood-bl/server/vendor/laravel/framework/src/Illuminate/Foundation/Http/Middleware/ValidatePostSize.php(27): Illuminate\\Routing\\Pipeline->Illuminate\\Routing\\{closure}()
#32 /var/www/html/onlinefood-bl/server/vendor/laravel/framework/src/Illuminate/Pipeline/Pipeline.php(163): Illuminate\\Foundation\\Http\\Middleware\\ValidatePostSize->handle()
#33 /var/www/html/onlinefood-bl/server/vendor/laravel/framework/src/Illuminate/Routing/Pipeline.php(53): Illuminate\\Pipeline\\Pipeline->Illuminate\\Pipeline\\{closure}()
#34 /var/www/html/onlinefood-bl/server/vendor/laravel/framework/src/Illuminate/Foundation/Http/Middleware/CheckForMaintenanceMode.php(62): Illuminate\\Routing\\Pipeline->Illuminate\\Routing\\{closure}()
#35 /var/www/html/onlinefood-bl/server/vendor/laravel/framework/src/Illuminate/Pipeline/Pipeline.php(163): Illuminate\\Foundation\\Http\\Middleware\\CheckForMaintenanceMode->handle()
#36 /var/www/html/onlinefood-bl/server/vendor/laravel/framework/src/Illuminate/Routing/Pipeline.php(53): Illuminate\\Pipeline\\Pipeline->Illuminate\\Pipeline\\{closure}()
#37 /var/www/html/onlinefood-bl/server/vendor/fideloper/proxy/src/TrustProxies.php(57): Illuminate\\Routing\\Pipeline->Illuminate\\Routing\\{closure}()
#38 /var/www/html/onlinefood-bl/server/vendor/laravel/framework/src/Illuminate/Pipeline/Pipeline.php(163): Fideloper\\Proxy\\TrustProxies->handle()
#39 /var/www/html/onlinefood-bl/server/vendor/laravel/framework/src/Illuminate/Routing/Pipeline.php(53): Illuminate\\Pipeline\\Pipeline->Illuminate\\Pipeline\\{closure}()
#40 /var/www/html/onlinefood-bl/server/vendor/laravel/framework/src/Illuminate/Pipeline/Pipeline.php(104): Illuminate\\Routing\\Pipeline->Illuminate\\Routing\\{closure}()
#41 /var/www/html/onlinefood-bl/server/vendor/laravel/framework/src/Illuminate/Foundation/Http/Kernel.php(151): Illuminate\\Pipeline\\Pipeline->then()
#42 /var/www/html/onlinefood-bl/server/vendor/laravel/framework/src/Illuminate/Foundation/Http/Kernel.php(116): Illuminate\\Foundation\\Http\\Kernel->sendRequestThroughRouter()
#43 /var/www/html/onlinefood-bl/server/public/index.php(55): Illuminate\\Foundation\\Http\\Kernel->handle()
#44 /var/www/html/onlinefood-bl/server/server.php(21): require_once('/var/www/html/o...')
#45 {main}
"} 
[2021-10-25 10:21:19] local.ERROR: Argument 3 passed to Lcobucci\JWT\Signer\Hmac::doVerify() must be an instance of Lcobucci\JWT\Signer\Key, null given, called in /var/www/html/onlinefood-bl/server/vendor/lcobucci/jwt/src/Signer/BaseSigner.php on line 44 {"exception":"[object] (Symfony\\Component\\Debug\\Exception\\FatalThrowableError(code: 0): Argument 3 passed to Lcobucci\\JWT\\Signer\\Hmac::doVerify() must be an instance of Lcobucci\\JWT\\Signer\\Key, null given, called in /var/www/html/onlinefood-bl/server/vendor/lcobucci/jwt/src/Signer/BaseSigner.php on line 44 at /var/www/html/onlinefood-bl/server/vendor/lcobucci/jwt/src/Signer/Hmac.php:29)
[stacktrace]
#0 /var/www/html/onlinefood-bl/server/vendor/lcobucci/jwt/src/Signer/BaseSigner.php(44): Lcobucci\\JWT\\Signer\\Hmac->doVerify()
#1 /var/www/html/onlinefood-bl/server/vendor/lcobucci/jwt/src/Signature.php(49): Lcobucci\\JWT\\Signer\\BaseSigner->verify()
#2 /var/www/html/onlinefood-bl/server/vendor/lcobucci/jwt/src/Token.php(202): Lcobucci\\JWT\\Signature->verify()
#3 /var/www/html/onlinefood-bl/server/vendor/tymon/jwt-auth/src/Providers/JWT/Lcobucci.php(136): Lcobucci\\JWT\\Token->verify()
#4 /var/www/html/onlinefood-bl/server/vendor/tymon/jwt-auth/src/Manager.php(101): Tymon\\JWTAuth\\Providers\\JWT\\Lcobucci->decode()
#5 /var/www/html/onlinefood-bl/server/vendor/tymon/jwt-auth/src/JWT.php(200): Tymon\\JWTAuth\\Manager->decode()
#6 /var/www/html/onlinefood-bl/server/vendor/tymon/jwt-auth/src/JWT.php(136): Tymon\\JWTAuth\\JWT->getPayload()
#7 /var/www/html/onlinefood-bl/server/vendor/tymon/jwt-auth/src/JWT.php(149): Tymon\\JWTAuth\\JWT->checkOrFail()
#8 /var/www/html/onlinefood-bl/server/vendor/tymon/jwt-auth/src/JWTGuard.php(79): Tymon\\JWTAuth\\JWT->check()
#9 /var/www/html/onlinefood-bl/server/vendor/laravel/framework/src/Illuminate/Auth/AuthManager.php(54): Tymon\\JWTAuth\\JWTGuard->user()
#10 [internal function]: Illuminate\\Auth\\AuthManager->Illuminate\\Auth\\{closure}()
#11 /var/www/html/onlinefood-bl/server/vendor/laravel/framework/src/Illuminate/Auth/AuthServiceProvider.php(84): call_user_func()
#12 [internal function]: Illuminate\\Auth\\AuthServiceProvider->Illuminate\\Auth\\{closure}()
#13 /var/www/html/onlinefood-bl/server/vendor/laravel/framework/src/Illuminate/Http/Request.php(517): call_user_func()
#14 /var/www/html/onlinefood-bl/server/vendor/laravel/framework/src/Illuminate/Routing/Middleware/ThrottleRequests.php(96): Illuminate\\Http\\Request->user()
#15 /var/www/html/onlinefood-bl/server/vendor/laravel/framework/src/Illuminate/Routing/Middleware/ThrottleRequests.php(48): Illuminate\\Routing\\Middleware\\ThrottleRequests->resolveRequestSignature()
#16 /var/www/html/onlinefood-bl/server/vendor/laravel/framework/src/Illuminate/Pipeline/Pipeline.php(163): Illuminate\\Routing\\Middleware\\ThrottleRequests->handle()
#17 /var/www/html/onlinefood-bl/server/vendor/laravel/framework/src/Illuminate/Routing/Pipeline.php(53): Illuminate\\Pipeline\\Pipeline->Illuminate\\Pipeline\\{closure}()
#18 /var/www/html/onlinefood-bl/server/vendor/laravel/framework/src/Illuminate/Pipeline/Pipeline.php(104): Illuminate\\Routing\\Pipeline->Illuminate\\Routing\\{closure}()
#19 /var/www/html/onlinefood-bl/server/vendor/laravel/framework/src/Illuminate/Routing/Router.php(682): Illuminate\\Pipeline\\Pipeline->then()
#20 /var/www/html/onlinefood-bl/server/vendor/laravel/framework/src/Illuminate/Routing/Router.php(657): Illuminate\\Routing\\Router->runRouteWithinStack()
#21 /var/www/html/onlinefood-bl/server/vendor/laravel/framework/src/Illuminate/Routing/Router.php(623): Illuminate\\Routing\\Router->runRoute()
#22 /var/www/html/onlinefood-bl/server/vendor/laravel/framework/src/Illuminate/Routing/Router.php(612): Illuminate\\Routing\\Router->dispatchToRoute()
#23 /var/www/html/onlinefood-bl/server/vendor/laravel/framework/src/Illuminate/Foundation/Http/Kernel.php(176): Illuminate\\Routing\\Router->dispatch()
#24 /var/www/html/onlinefood-bl/server/vendor/laravel/framework/src/Illuminate/Routing/Pipeline.php(30): Illuminate\\Foundation\\Http\\Kernel->Illuminate\\Foundation\\Http\\{closure}()
#25 /var/www/html/onlinefood-bl/server/vendor/laravel/framework/src/Illuminate/Foundation/Http/Middleware/TransformsRequest.php(21): Illuminate\\Routing\\Pipeline->Illuminate\\Routing\\{closure}()
#26 /var/www/html/onlinefood-bl/server/vendor/laravel/framework/src/Illuminate/Pipeline/Pipeline.php(163): Illuminate\\Foundation\\Http\\Middleware\\TransformsRequest->handle()
#27 /var/www/html/onlinefood-bl/server/vendor/laravel/framework/src/Illuminate/Routing/Pipeline.php(53): Illuminate\\Pipeline\\Pipeline->Illuminate\\Pipeline\\{closure}()
#28 /var/www/html/onlinefood-bl/server/vendor/laravel/framework/src/Illuminate/Foundation/Http/Middleware/TransformsRequest.php(21): Illuminate\\Routing\\Pipeline->Illuminate\\Routing\\{closure}()
#29 /var/www/html/onlinefood-bl/server/vendor/laravel/framework/src/Illuminate/Pipeline/Pipeline.php(163): Illuminate\\Foundation\\Http\\Middleware\\TransformsRequest->handle()
#30 /var/www/html/onlinefood-bl/server/vendor/laravel/framework/src/Illuminate/Routing/Pipeline.php(53): Illuminate\\Pipeline\\Pipeline->Illuminate\\Pipeline\\{closure}()
#31 /var/www/html/onlinefood-bl/server/vendor/laravel/framework/src/Illuminate/Foundation/Http/Middleware/ValidatePostSize.php(27): Illuminate\\Routing\\Pipeline->Illuminate\\Routing\\{closure}()
#32 /var/www/html/onlinefood-bl/server/vendor/laravel/framework/src/Illuminate/Pipeline/Pipeline.php(163): Illuminate\\Foundation\\Http\\Middleware\\ValidatePostSize->handle()
#33 /var/www/html/onlinefood-bl/server/vendor/laravel/framework/src/Illuminate/Routing/Pipeline.php(53): Illuminate\\Pipeline\\Pipeline->Illuminate\\Pipeline\\{closure}()
#34 /var/www/html/onlinefood-bl/server/vendor/laravel/framework/src/Illuminate/Foundation/Http/Middleware/CheckForMaintenanceMode.php(62): Illuminate\\Routing\\Pipeline->Illuminate\\Routing\\{closure}()
#35 /var/www/html/onlinefood-bl/server/vendor/laravel/framework/src/Illuminate/Pipeline/Pipeline.php(163): Illuminate\\Foundation\\Http\\Middleware\\CheckForMaintenanceMode->handle()
#36 /var/www/html/onlinefood-bl/server/vendor/laravel/framework/src/Illuminate/Routing/Pipeline.php(53): Illuminate\\Pipeline\\Pipeline->Illuminate\\Pipeline\\{closure}()
#37 /var/www/html/onlinefood-bl/server/vendor/fideloper/proxy/src/TrustProxies.php(57): Illuminate\\Routing\\Pipeline->Illuminate\\Routing\\{closure}()
#38 /var/www/html/onlinefood-bl/server/vendor/laravel/framework/src/Illuminate/Pipeline/Pipeline.php(163): Fideloper\\Proxy\\TrustProxies->handle()
#39 /var/www/html/onlinefood-bl/server/vendor/laravel/framework/src/Illuminate/Routing/Pipeline.php(53): Illuminate\\Pipeline\\Pipeline->Illuminate\\Pipeline\\{closure}()
#40 /var/www/html/onlinefood-bl/server/vendor/laravel/framework/src/Illuminate/Pipeline/Pipeline.php(104): Illuminate\\Routing\\Pipeline->Illuminate\\Routing\\{closure}()
#41 /var/www/html/onlinefood-bl/server/vendor/laravel/framework/src/Illuminate/Foundation/Http/Kernel.php(151): Illuminate\\Pipeline\\Pipeline->then()
#42 /var/www/html/onlinefood-bl/server/vendor/laravel/framework/src/Illuminate/Foundation/Http/Kernel.php(116): Illuminate\\Foundation\\Http\\Kernel->sendRequestThroughRouter()
#43 /var/www/html/onlinefood-bl/server/public/index.php(55): Illuminate\\Foundation\\Http\\Kernel->handle()
#44 /var/www/html/onlinefood-bl/server/server.php(21): require_once('/var/www/html/o...')
#45 {main}
"} 
[2021-10-25 10:22:22] local.ERROR: Argument 3 passed to Lcobucci\JWT\Signer\Hmac::doVerify() must be an instance of Lcobucci\JWT\Signer\Key, null given, called in /var/www/html/onlinefood-bl/server/vendor/lcobucci/jwt/src/Signer/BaseSigner.php on line 44 {"exception":"[object] (Symfony\\Component\\Debug\\Exception\\FatalThrowableError(code: 0): Argument 3 passed to Lcobucci\\JWT\\Signer\\Hmac::doVerify() must be an instance of Lcobucci\\JWT\\Signer\\Key, null given, called in /var/www/html/onlinefood-bl/server/vendor/lcobucci/jwt/src/Signer/BaseSigner.php on line 44 at /var/www/html/onlinefood-bl/server/vendor/lcobucci/jwt/src/Signer/Hmac.php:29)
[stacktrace]
#0 /var/www/html/onlinefood-bl/server/vendor/lcobucci/jwt/src/Signer/BaseSigner.php(44): Lcobucci\\JWT\\Signer\\Hmac->doVerify()
#1 /var/www/html/onlinefood-bl/server/vendor/lcobucci/jwt/src/Signature.php(49): Lcobucci\\JWT\\Signer\\BaseSigner->verify()
#2 /var/www/html/onlinefood-bl/server/vendor/lcobucci/jwt/src/Token.php(202): Lcobucci\\JWT\\Signature->verify()
#3 /var/www/html/onlinefood-bl/server/vendor/tymon/jwt-auth/src/Providers/JWT/Lcobucci.php(136): Lcobucci\\JWT\\Token->verify()
#4 /var/www/html/onlinefood-bl/server/vendor/tymon/jwt-auth/src/Manager.php(101): Tymon\\JWTAuth\\Providers\\JWT\\Lcobucci->decode()
#5 /var/www/html/onlinefood-bl/server/vendor/tymon/jwt-auth/src/JWT.php(200): Tymon\\JWTAuth\\Manager->decode()
#6 /var/www/html/onlinefood-bl/server/vendor/tymon/jwt-auth/src/JWT.php(136): Tymon\\JWTAuth\\JWT->getPayload()
#7 /var/www/html/onlinefood-bl/server/vendor/tymon/jwt-auth/src/JWT.php(149): Tymon\\JWTAuth\\JWT->checkOrFail()
#8 /var/www/html/onlinefood-bl/server/vendor/tymon/jwt-auth/src/JWTGuard.php(79): Tymon\\JWTAuth\\JWT->check()
#9 /var/www/html/onlinefood-bl/server/vendor/laravel/framework/src/Illuminate/Auth/AuthManager.php(54): Tymon\\JWTAuth\\JWTGuard->user()
#10 [internal function]: Illuminate\\Auth\\AuthManager->Illuminate\\Auth\\{closure}()
#11 /var/www/html/onlinefood-bl/server/vendor/laravel/framework/src/Illuminate/Auth/AuthServiceProvider.php(84): call_user_func()
#12 [internal function]: Illuminate\\Auth\\AuthServiceProvider->Illuminate\\Auth\\{closure}()
#13 /var/www/html/onlinefood-bl/server/vendor/laravel/framework/src/Illuminate/Http/Request.php(517): call_user_func()
#14 /var/www/html/onlinefood-bl/server/vendor/laravel/framework/src/Illuminate/Routing/Middleware/ThrottleRequests.php(96): Illuminate\\Http\\Request->user()
#15 /var/www/html/onlinefood-bl/server/vendor/laravel/framework/src/Illuminate/Routing/Middleware/ThrottleRequests.php(48): Illuminate\\Routing\\Middleware\\ThrottleRequests->resolveRequestSignature()
#16 /var/www/html/onlinefood-bl/server/vendor/laravel/framework/src/Illuminate/Pipeline/Pipeline.php(163): Illuminate\\Routing\\Middleware\\ThrottleRequests->handle()
#17 /var/www/html/onlinefood-bl/server/vendor/laravel/framework/src/Illuminate/Routing/Pipeline.php(53): Illuminate\\Pipeline\\Pipeline->Illuminate\\Pipeline\\{closure}()
#18 /var/www/html/onlinefood-bl/server/vendor/laravel/framework/src/Illuminate/Pipeline/Pipeline.php(104): Illuminate\\Routing\\Pipeline->Illuminate\\Routing\\{closure}()
#19 /var/www/html/onlinefood-bl/server/vendor/laravel/framework/src/Illuminate/Routing/Router.php(682): Illuminate\\Pipeline\\Pipeline->then()
#20 /var/www/html/onlinefood-bl/server/vendor/laravel/framework/src/Illuminate/Routing/Router.php(657): Illuminate\\Routing\\Router->runRouteWithinStack()
#21 /var/www/html/onlinefood-bl/server/vendor/laravel/framework/src/Illuminate/Routing/Router.php(623): Illuminate\\Routing\\Router->runRoute()
#22 /var/www/html/onlinefood-bl/server/vendor/laravel/framework/src/Illuminate/Routing/Router.php(612): Illuminate\\Routing\\Router->dispatchToRoute()
#23 /var/www/html/onlinefood-bl/server/vendor/laravel/framework/src/Illuminate/Foundation/Http/Kernel.php(176): Illuminate\\Routing\\Router->dispatch()
#24 /var/www/html/onlinefood-bl/server/vendor/laravel/framework/src/Illuminate/Routing/Pipeline.php(30): Illuminate\\Foundation\\Http\\Kernel->Illuminate\\Foundation\\Http\\{closure}()
#25 /var/www/html/onlinefood-bl/server/vendor/laravel/framework/src/Illuminate/Foundation/Http/Middleware/TransformsRequest.php(21): Illuminate\\Routing\\Pipeline->Illuminate\\Routing\\{closure}()
#26 /var/www/html/onlinefood-bl/server/vendor/laravel/framework/src/Illuminate/Pipeline/Pipeline.php(163): Illuminate\\Foundation\\Http\\Middleware\\TransformsRequest->handle()
#27 /var/www/html/onlinefood-bl/server/vendor/laravel/framework/src/Illuminate/Routing/Pipeline.php(53): Illuminate\\Pipeline\\Pipeline->Illuminate\\Pipeline\\{closure}()
#28 /var/www/html/onlinefood-bl/server/vendor/laravel/framework/src/Illuminate/Foundation/Http/Middleware/TransformsRequest.php(21): Illuminate\\Routing\\Pipeline->Illuminate\\Routing\\{closure}()
#29 /var/www/html/onlinefood-bl/server/vendor/laravel/framework/src/Illuminate/Pipeline/Pipeline.php(163): Illuminate\\Foundation\\Http\\Middleware\\TransformsRequest->handle()
#30 /var/www/html/onlinefood-bl/server/vendor/laravel/framework/src/Illuminate/Routing/Pipeline.php(53): Illuminate\\Pipeline\\Pipeline->Illuminate\\Pipeline\\{closure}()
#31 /var/www/html/onlinefood-bl/server/vendor/laravel/framework/src/Illuminate/Foundation/Http/Middleware/ValidatePostSize.php(27): Illuminate\\Routing\\Pipeline->Illuminate\\Routing\\{closure}()
#32 /var/www/html/onlinefood-bl/server/vendor/laravel/framework/src/Illuminate/Pipeline/Pipeline.php(163): Illuminate\\Foundation\\Http\\Middleware\\ValidatePostSize->handle()
#33 /var/www/html/onlinefood-bl/server/vendor/laravel/framework/src/Illuminate/Routing/Pipeline.php(53): Illuminate\\Pipeline\\Pipeline->Illuminate\\Pipeline\\{closure}()
#34 /var/www/html/onlinefood-bl/server/vendor/laravel/framework/src/Illuminate/Foundation/Http/Middleware/CheckForMaintenanceMode.php(62): Illuminate\\Routing\\Pipeline->Illuminate\\Routing\\{closure}()
#35 /var/www/html/onlinefood-bl/server/vendor/laravel/framework/src/Illuminate/Pipeline/Pipeline.php(163): Illuminate\\Foundation\\Http\\Middleware\\CheckForMaintenanceMode->handle()
#36 /var/www/html/onlinefood-bl/server/vendor/laravel/framework/src/Illuminate/Routing/Pipeline.php(53): Illuminate\\Pipeline\\Pipeline->Illuminate\\Pipeline\\{closure}()
#37 /var/www/html/onlinefood-bl/server/vendor/fideloper/proxy/src/TrustProxies.php(57): Illuminate\\Routing\\Pipeline->Illuminate\\Routing\\{closure}()
#38 /var/www/html/onlinefood-bl/server/vendor/laravel/framework/src/Illuminate/Pipeline/Pipeline.php(163): Fideloper\\Proxy\\TrustProxies->handle()
#39 /var/www/html/onlinefood-bl/server/vendor/laravel/framework/src/Illuminate/Routing/Pipeline.php(53): Illuminate\\Pipeline\\Pipeline->Illuminate\\Pipeline\\{closure}()
#40 /var/www/html/onlinefood-bl/server/vendor/laravel/framework/src/Illuminate/Pipeline/Pipeline.php(104): Illuminate\\Routing\\Pipeline->Illuminate\\Routing\\{closure}()
#41 /var/www/html/onlinefood-bl/server/vendor/laravel/framework/src/Illuminate/Foundation/Http/Kernel.php(151): Illuminate\\Pipeline\\Pipeline->then()
#42 /var/www/html/onlinefood-bl/server/vendor/laravel/framework/src/Illuminate/Foundation/Http/Kernel.php(116): Illuminate\\Foundation\\Http\\Kernel->sendRequestThroughRouter()
#43 /var/www/html/onlinefood-bl/server/public/index.php(55): Illuminate\\Foundation\\Http\\Kernel->handle()
#44 /var/www/html/onlinefood-bl/server/server.php(21): require_once('/var/www/html/o...')
#45 {main}
"} 
